2020-11-17 22:33:02.989 - INFO - 5200 - azureml.train.automl._azureautomlclient.modify_run_configuration:199 - Package azureml-train-automl missing from dependencies file.
2020-11-17 22:33:02.989 - INFO - 5200 - azureml.train.automl._azureautomlclient.modify_run_configuration:205 - Using pinned version: azureml-train-automl==1.18.0.*
2020-11-17 22:33:02.990 - INFO - 5200 - azureml.train.automl._azureautomlclient.modify_run_configuration:199 - Package pandas missing from dependencies file.
2020-11-17 22:33:02.990 - INFO - 5200 - azureml.train.automl._azureautomlclient.modify_run_configuration:205 - Using pinned version: pandas==0.25.1
2020-11-17 22:33:02.991 - INFO - 5200 - azureml.train.automl._azureautomlclient.modify_run_configuration:199 - Package psutil missing from dependencies file.
2020-11-17 22:33:02.991 - INFO - 5200 - azureml.train.automl._azureautomlclient.modify_run_configuration:205 - Using pinned version: psutil>5.0.0,<6.0.0
2020-11-17 22:33:02.992 - INFO - 5200 - azureml.train.automl._azureautomlclient.modify_run_configuration:199 - Package scikit-learn missing from dependencies file.
2020-11-17 22:33:02.992 - INFO - 5200 - azureml.train.automl._azureautomlclient.modify_run_configuration:205 - Using pinned version: scikit-learn==0.22.1
2020-11-17 22:33:02.993 - INFO - 5200 - azureml.train.automl._azureautomlclient.modify_run_configuration:199 - Package numpy missing from dependencies file.
2020-11-17 22:33:02.993 - INFO - 5200 - azureml.train.automl._azureautomlclient.modify_run_configuration:205 - Using pinned version: numpy~=1.18.0
2020-11-17 22:33:02.994 - INFO - 5200 - azureml.train.automl._azureautomlclient.modify_run_configuration:199 - Package py-xgboost missing from dependencies file.
2020-11-17 22:33:02.995 - INFO - 5200 - azureml.train.automl._azureautomlclient.modify_run_configuration:205 - Using pinned version: py-xgboost<=0.90
2020-11-17 22:33:03.003 - INFO - 5200 - azureml.train.automl._azureautomlclient.modify_run_configuration:199 - Package inference-schema missing from dependencies file.
2020-11-17 22:33:03.003 - INFO - 5200 - azureml.train.automl._azureautomlclient.modify_run_configuration:199 - Package fbprophet missing from dependencies file.
2020-11-17 22:33:03.003 - INFO - 5200 - azureml.train.automl._azureautomlclient.modify_run_configuration:205 - Using pinned version: fbprophet==0.5
2020-11-17 22:33:03.004 - INFO - 5200 - azureml.train.automl._azureautomlclient.modify_run_configuration:199 - Package setuptools-git missing from dependencies file.
2020-11-17 22:33:03.004 - INFO - 5200 - azureml.train.automl._azureautomlclient.modify_run_configuration:209 - Using installed version: setuptools-git==1.2
2020-11-17 22:33:03.011 - INFO - 5200 - azureml.train.automl._azureautomlclient._validate_input:625 - Start data validation.
2020-11-17 22:33:05.812 - INFO - 5200 - azureml.train.automl._azureautomlclient._validate_input:636 - Validation service found the data has no errors.
2020-11-17 22:33:05.814 - INFO - 5200 - azureml.train.automl._azureautomlclient._create_parent_run_for_remote:510 - Start creating parent run.
2020-11-17 22:33:06.939 - INFO - 5200 - azureml.train.automl._azureautomlclient._create_parent_run_for_remote:530 - [ParentRunID:AutoML_5463d5ba-a5b3-4ef2-aa5d-bdbc5e870b00] Remote run using input X and y.
2020-11-17 22:33:07.018 - INFO - 5200 - azureml.train.automl._azureautomlclient._create_parent_run_for_remote:543 - Parent Run ID: AutoML_5463d5ba-a5b3-4ef2-aa5d-bdbc5e870b00
2020-11-17 22:33:07.018 - INFO - 5200 - azureml.train.automl._azureautomlclient._fit_remote_core:472 - Starting a snapshot run (snapshot_id : None)
